Determining if the pthread_create exist failed with the following output:
Change Dir: /home/mayu/timer/temtimer/CMakeFiles/CMakeTmp

Run Build Command:"/usr/bin/gmake" "cmTC_5170a/fast"
/usr/bin/gmake -f CMakeFiles/cmTC_5170a.dir/build.make CMakeFiles/cmTC_5170a.dir/build
gmake[1]: Entering directory `/home/mayu/timer/temtimer/CMakeFiles/CMakeTmp'
Building C object CMakeFiles/cmTC_5170a.dir/CheckSymbolExists.c.o
/usr/bin/cc    -o CMakeFiles/cmTC_5170a.dir/CheckSymbolExists.c.o   -c /home/mayu/timer/temtimer/CMakeFiles/CMakeTmp/CheckSymbolExists.c
Linking C executable cmTC_5170a
/usr/local/bin/cmake -E cmake_link_script CMakeFiles/cmTC_5170a.dir/link.txt --verbose=1
/usr/bin/cc       CMakeFiles/cmTC_5170a.dir/CheckSymbolExists.c.o  -o cmTC_5170a -rdynamic 
CMakeFiles/cmTC_5170a.dir/CheckSymbolExists.c.o: In function `main':
CheckSymbolExists.c:(.text+0x16): undefined reference to `pthread_create'
gmake[1]: Leaving directory `/home/mayu/timer/temtimer/CMakeFiles/CMakeTmp'
collect2: error: ld returned 1 exit status
gmake[1]: *** [cmTC_5170a] Error 1
gmake: *** [cmTC_5170a/fast] Error 2

File /home/mayu/timer/temtimer/CMakeFiles/CMakeTmp/CheckSymbolExists.c:
/* */
#include <pthread.h>

int main(int argc, char** argv)
{
  (void)argv;
#ifndef pthread_create
  return ((int*)(&pthread_create))[argc];
#else
  (void)argc;
  return 0;
#endif
}

Determining if the function pthread_create exists in the pthreads failed with the following output:
Change Dir: /home/mayu/timer/temtimer/CMakeFiles/CMakeTmp

Run Build Command:"/usr/bin/gmake" "cmTC_c1271/fast"
/usr/bin/gmake -f CMakeFiles/cmTC_c1271.dir/build.make CMakeFiles/cmTC_c1271.dir/build
gmake[1]: Entering directory `/home/mayu/timer/temtimer/CMakeFiles/CMakeTmp'
Building C object CMakeFiles/cmTC_c1271.dir/CheckFunctionExists.c.o
/usr/bin/cc   -DCHECK_FUNCTION_EXISTS=pthread_create   -o CMakeFiles/cmTC_c1271.dir/CheckFunctionExists.c.o   -c /usr/local/share/cmake-3.3/Modules/CheckFunctionExists.c
Linking C executable cmTC_c1271
/usr/local/bin/cmake -E cmake_link_script CMakeFiles/cmTC_c1271.dir/link.txt --verbose=1
/usr/bin/cc   -DCHECK_FUNCTION_EXISTS=pthread_create    CMakeFiles/cmTC_c1271.dir/CheckFunctionExists.c.o  -o cmTC_c1271 -rdynamic -lpthreads 
/usr/bin/ld: cannot find -lpthreads
gmake[1]: Leaving directory `/home/mayu/timer/temtimer/CMakeFiles/CMakeTmp'
collect2: error: ld returned 1 exit status
gmake[1]: *** [cmTC_c1271] Error 1
gmake: *** [cmTC_c1271/fast] Error 2


